Build started 2/18/2015 6:05:28 PM.
     1>Project "D:\Programming\Hacking\CoD4\Hook v2\Hook v2.vcxproj" on node 2 (Build target(s)).
     1>ClCompile:
         C:\Program Files (x86)\Microsoft Visual Studio 11.0\VC\bin\CL.exe /c /Zi /nologo /W3 /WX- /O2 /Oi /Oy- /GL /D _WINDLL /D _MBCS /Gm- /EHsc /MD /GS /Gy /fp:precise /Zc:wchar_t /Zc:forScope /Fo"Release\\" /Fd"Release\vc110.pdb" /Gd /TP /analyze- /errorReport:prompt hookBase.cpp
         hookBase.cpp
       Link:
         C:\Program Files (x86)\Microsoft Visual Studio 11.0\VC\bin\link.exe /ERRORREPORT:PROMPT /OUT:"D:\Programming\Hacking\CoD4\Hook v2\Release\Hook v2.dll" /NOLOGO kernel32.lib user32.lib gdi32.lib winspool.lib comdlg32.lib advapi32.lib shell32.lib ole32.lib oleaut32.lib uuid.lib odbc32.lib odbccp32.lib /MANIFEST /MANIFESTUAC:"level='asInvoker' uiAccess='false'" /manifest:embed /DEBUG /PDB:"D:\Programming\Hacking\CoD4\Hook v2\Release\Hook v2.pdb" /OPT:REF /OPT:ICF /LTCG /TLBID:1 /DYNAMICBASE /NXCOMPAT /IMPLIB:"D:\Programming\Hacking\CoD4\Hook v2\Release\Hook v2.lib" /MACHINE:X86 /SAFESEH:NO /DLL Release\cHacks.obj
         Release\cStats.obj
         Release\d3dManager_hack.obj
         Release\hookBase.obj
         Generating code
     1>d:\programming\hacking\cod4\hook v2\d3dmanager_hack.cpp(355): warning C4715: 'd3dManager::getShader' : not all control paths return a value
     1>d:\programming\hacking\cod4\hook v2\d3dmanager_hack.cpp(335): warning C4715: 'd3dManager::getTexture' : not all control paths return a value
         Finished generating code
     1>detours.lib(detours.obj) : warning LNK4099: PDB 'detours.pdb' was not found with 'detours.lib(detours.obj)' or at 'D:\Programming\Hacking\CoD4\Hook v2\Release\detours.pdb'; linking object as if no debug info
     1>detours.lib(disasm.obj) : warning LNK4099: PDB 'detours.pdb' was not found with 'detours.lib(disasm.obj)' or at 'D:\Programming\Hacking\CoD4\Hook v2\Release\detours.pdb'; linking object as if no debug info
         Hook v2.vcxproj -> D:\Programming\Hacking\CoD4\Hook v2\Release\Hook v2.dll
     1>Done Building Project "D:\Programming\Hacking\CoD4\Hook v2\Hook v2.vcxproj" (Build target(s)).

Build succeeded.

Time Elapsed 00:00:01.83
