C:\USERS\VIKRUM\DOCUMENTS\VISUAL STUDIO 2008\DIRECT X CODE\HOOK V2\RELEASE\HOOKBASE.OBJ
C:\USERS\VIKRUM\DOCUMENTS\VISUAL STUDIO 2008\DIRECT X CODE\HOOK V2\RELEASE\CSTATS.OBJ
C:\USERS\VIKRUM\DOCUMENTS\VISUAL STUDIO 2008\DIRECT X CODE\HOOK V2\RELEASE\CHACKS.OBJ
C:\USERS\VIKRUM\DOCUMENTS\VISUAL STUDIO 2008\DIRECT X CODE\HOOK V2\RELEASE\VC110.PDB
C:\USERS\VIKRUM\DOCUMENTS\VISUAL STUDIO 2008\DIRECT X CODE\HOOK V2\RELEASE\D3DMANAGER_HACK.OBJ
C:\Users\Vikrum\Documents\Visual Studio 2008\Direct X Code\Hook v2\Release\cHacks.obj
C:\Users\Vikrum\Documents\Visual Studio 2008\Direct X Code\Hook v2\Release\cStats.obj
C:\Users\Vikrum\Documents\Visual Studio 2008\Direct X Code\Hook v2\Release\d3dManager_hack.obj
C:\Users\Vikrum\Documents\Visual Studio 2008\Direct X Code\Hook v2\Release\hookBase.obj
C:\Users\Vikrum\Documents\Visual Studio 2008\Direct X Code\Hook v2\Release\cl.command.1.tlog
C:\Users\Vikrum\Documents\Visual Studio 2008\Direct X Code\Hook v2\Release\CL.read.1.tlog
C:\Users\Vikrum\Documents\Visual Studio 2008\Direct X Code\Hook v2\Release\CL.write.1.tlog
C:\Users\Vikrum\Documents\Visual Studio 2008\Direct X Code\Hook v2\Release\link-cvtres.read.1.tlog
C:\Users\Vikrum\Documents\Visual Studio 2008\Direct X Code\Hook v2\Release\link-cvtres.write.1.tlog
C:\Users\Vikrum\Documents\Visual Studio 2008\Direct X Code\Hook v2\Release\link-rc.read.1.tlog
C:\Users\Vikrum\Documents\Visual Studio 2008\Direct X Code\Hook v2\Release\link-rc.write.1.tlog
C:\Users\Vikrum\Documents\Visual Studio 2008\Direct X Code\Hook v2\Release\link.command.1.tlog
C:\Users\Vikrum\Documents\Visual Studio 2008\Direct X Code\Hook v2\Release\link.read.1.tlog
C:\Users\Vikrum\Documents\Visual Studio 2008\Direct X Code\Hook v2\Release\link.read.2.tlog
C:\Users\Vikrum\Documents\Visual Studio 2008\Direct X Code\Hook v2\Release\link.read.3.tlog
C:\Users\Vikrum\Documents\Visual Studio 2008\Direct X Code\Hook v2\Release\link.read.4.tlog
C:\Users\Vikrum\Documents\Visual Studio 2008\Direct X Code\Hook v2\Release\link.read.5.tlog
C:\Users\Vikrum\Documents\Visual Studio 2008\Direct X Code\Hook v2\Release\link.write.1.tlog
C:\Users\Vikrum\Documents\Visual Studio 2008\Direct X Code\Hook v2\Release\Hook v2.pdb
C:\Users\Vikrum\Documents\Visual Studio 2008\Direct X Code\Hook v2\Release\vc110.pdb
